

*******************************************************************************
Mon Oct 10 17:49:58 2016


FIT:    data read from "tiempos_ordenacion.dat"
        format = z
        x range restricted to [0.00000 : 12685.4]
        #datapoints = 26
        residuals are weighted equally (unit weight)

function used for fitting: f(x)
	f(x) = a*x**2 + b*x + c
fitted parameters initialized with current variable values

iter      chisq       delta/lim  lambda   a             b             c            
   0 1.3999483830e+17   0.00e+00  4.24e+07    1.000000e+00   1.000000e+00   1.000000e+00
  11 2.9053915938e-04  -7.30e-01  4.24e-04    3.358649e-09  -3.692684e-06   2.388650e-03

After 11 iterations the fit converged.
final sum of squares of residuals : 0.000290539
rel. change during last iteration : -7.29839e-06

degrees of freedom    (FIT_NDF)                        : 23
rms of residuals      (FIT_STDFIT) = sqrt(WSSR/ndf)    : 0.00355417
variance of residuals (reduced chisquare) = WSSR/ndf   : 1.26321e-05

Final set of parameters            Asymptotic Standard Error
=======================            ==========================
a               = 3.35865e-09      +/- 5.554e-11    (1.654%)
b               = -3.69268e-06     +/- 7.294e-07    (19.75%)
c               = 0.00238865       +/- 0.002002     (83.79%)

correlation matrix of the fit parameters:
                a      b      c      
a               1.000 
b              -0.967  1.000 
c               0.729 -0.855  1.000 


*******************************************************************************
Sun Oct 16 18:46:12 2016


FIT:    data read from "t_bsearch.dat"
        format = z
        #datapoints = 60
        residuals are weighted equally (unit weight)

function used for fitting: f(x)
	f(x) = log(x)
fitted parameters initialized with current variable values

Warning: Initial value of parameter 'x' is zero.
iter      chisq       delta/lim  lambda   x            
   0 1.1632042384e+04   0.00e+00  0.00e+00    1.000000e-30
BREAK: Singular matrix in Givens()

*******************************************************************************
Sun Oct 16 18:47:57 2016


FIT:    data read from "t_bsearch.dat"
        format = z
        #datapoints = 60
        residuals are weighted equally (unit weight)

function used for fitting: f(x)
	f(x) =  a*log(x)
fitted parameters initialized with current variable values

iter      chisq       delta/lim  lambda   a            
   0 1.1632042384e+04   0.00e+00  1.39e+01    1.000000e+00
   5 2.3860435487e-14  -2.64e-11  1.39e-04    1.077020e-08

After 5 iterations the fit converged.
final sum of squares of residuals : 2.38604e-14
rel. change during last iteration : -2.64492e-16

degrees of freedom    (FIT_NDF)                        : 59
rms of residuals      (FIT_STDFIT) = sqrt(WSSR/ndf)    : 2.01101e-08
variance of residuals (reduced chisquare) = WSSR/ndf   : 4.04414e-16

Final set of parameters            Asymptotic Standard Error
=======================            ==========================
a               = 1.07702e-08      +/- 1.865e-10    (1.731%)


*******************************************************************************
Sun Oct 16 18:49:22 2016


FIT:    data read from "t_bsearch.dat"
        format = z
        #datapoints = 60
        residuals are weighted equally (unit weight)

function used for fitting: f(x)
	f(x) =  a*log(x)
fitted parameters initialized with current variable values

iter      chisq       delta/lim  lambda   a            
   0 1.1632042384e+04   0.00e+00  1.39e+01    1.000000e+00
   5 2.3860435487e-14  -2.64e-11  1.39e-04    1.077020e-08

After 5 iterations the fit converged.
final sum of squares of residuals : 2.38604e-14
rel. change during last iteration : -2.64492e-16

degrees of freedom    (FIT_NDF)                        : 59
rms of residuals      (FIT_STDFIT) = sqrt(WSSR/ndf)    : 2.01101e-08
variance of residuals (reduced chisquare) = WSSR/ndf   : 4.04414e-16

Final set of parameters            Asymptotic Standard Error
=======================            ==========================
a               = 1.07702e-08      +/- 1.865e-10    (1.731%)


*******************************************************************************
Sun Oct 16 18:49:56 2016


FIT:    data read from "t_bsearch.dat"
        format = z
        #datapoints = 60
        residuals are weighted equally (unit weight)

function used for fitting: f(x)
	f(x) =  a*log(x)
fitted parameters initialized with current variable values

iter      chisq       delta/lim  lambda   a            
   0 1.1632042384e+04   0.00e+00  1.39e+01    1.000000e+00
   5 2.3860435487e-14  -2.64e-11  1.39e-04    1.077020e-08

After 5 iterations the fit converged.
final sum of squares of residuals : 2.38604e-14
rel. change during last iteration : -2.64492e-16

degrees of freedom    (FIT_NDF)                        : 59
rms of residuals      (FIT_STDFIT) = sqrt(WSSR/ndf)    : 2.01101e-08
variance of residuals (reduced chisquare) = WSSR/ndf   : 4.04414e-16

Final set of parameters            Asymptotic Standard Error
=======================            ==========================
a               = 1.07702e-08      +/- 1.865e-10    (1.731%)


*******************************************************************************
Sun Oct 16 18:55:27 2016


FIT:    data read from "t_bsearch.dat"
        format = z
        #datapoints = 60
        residuals are weighted equally (unit weight)

function used for fitting: f(x)
	f(x) =  a*log(x)
fitted parameters initialized with current variable values

iter      chisq       delta/lim  lambda   a            
   0 1.5786327445e+04   0.00e+00  1.62e+01    1.000000e+00
   5 5.9349616646e-16  -1.66e-11  1.62e+00    9.281883e-09

After 5 iterations the fit converged.
final sum of squares of residuals : 5.93496e-16
rel. change during last iteration : -1.66147e-16

degrees of freedom    (FIT_NDF)                        : 59
rms of residuals      (FIT_STDFIT) = sqrt(WSSR/ndf)    : 3.17163e-09
variance of residuals (reduced chisquare) = WSSR/ndf   : 1.00593e-17

Final set of parameters            Asymptotic Standard Error
=======================            ==========================
a               = 9.28188e-09      +/- 2.524e-11    (0.272%)


*******************************************************************************
Sun Oct 16 19:00:04 2016


FIT:    data read from "t_bsearch.dat"
        format = z
        #datapoints = 60
        residuals are weighted equally (unit weight)

function used for fitting: f(x)
	f(x) =  a*log(x)
fitted parameters initialized with current variable values

iter      chisq       delta/lim  lambda   a            
   0 1.5786327445e+04   0.00e+00  1.62e+01    1.000000e+00
   5 5.9349616646e-16  -1.66e-11  1.62e+00    9.281883e-09

After 5 iterations the fit converged.
final sum of squares of residuals : 5.93496e-16
rel. change during last iteration : -1.66147e-16

degrees of freedom    (FIT_NDF)                        : 59
rms of residuals      (FIT_STDFIT) = sqrt(WSSR/ndf)    : 3.17163e-09
variance of residuals (reduced chisquare) = WSSR/ndf   : 1.00593e-17

Final set of parameters            Asymptotic Standard Error
=======================            ==========================
a               = 9.28188e-09      +/- 2.524e-11    (0.272%)


*******************************************************************************
Sun Oct 16 19:01:19 2016


FIT:    data read from "t_bsearch.dat"
        format = z
        #datapoints = 60
        residuals are weighted equally (unit weight)

function used for fitting: f(x)
	f(x) =  a*log(x)
fitted parameters initialized with current variable values

iter      chisq       delta/lim  lambda   a            
   0 1.5786327445e+04   0.00e+00  1.62e+01    1.000000e+00
   5 5.9349616646e-16  -1.66e-11  1.62e+00    9.281883e-09

After 5 iterations the fit converged.
final sum of squares of residuals : 5.93496e-16
rel. change during last iteration : -1.66147e-16

degrees of freedom    (FIT_NDF)                        : 59
rms of residuals      (FIT_STDFIT) = sqrt(WSSR/ndf)    : 3.17163e-09
variance of residuals (reduced chisquare) = WSSR/ndf   : 1.00593e-17

Final set of parameters            Asymptotic Standard Error
=======================            ==========================
a               = 9.28188e-09      +/- 2.524e-11    (0.272%)
